<?xml version="1.0" encoding="UTF-8"?>
<coverage line-rate="0.796622097114708" branch-rate="0" lines-covered="1132" lines-valid="1421" branches-covered="0" branches-valid="0" complexity="0" version="3.5.1" timestamp="2022-08-18 11:43:47">
  <sources/>
  <packages>
    <package name="oncomsm" line-rate="0.796622097114708" branch-rate="0" complexity="0">
      <classes>
        <class name="Model.R" filename="R/Model.R" line-rate="0.830769230769231" branch-rate="0" complexity="0">
          <methods>
            <method name="format.Model" signature="" line-rate="0" branch-rate="0">
              <lines>
                <line number="15" hits="0" branch="false"/>
              </lines>
            </method>
            <method name="print.Model" signature="" line-rate="0" branch-rate="0">
              <lines>
                <line number="16" hits="0" branch="false"/>
              </lines>
            </method>
            <method name="sample_prior" signature="" line-rate="1" branch-rate="0">
              <lines>
                <line number="40" hits="4" branch="false"/>
              </lines>
            </method>
            <method name="sample_prior.Model" signature="" line-rate="0.857142857142857" branch-rate="0">
              <lines>
                <line number="55" hits="4" branch="false"/>
                <line number="56" hits="4" branch="false"/>
                <line number="57" hits="4" branch="false"/>
                <line number="58" hits="4" branch="false"/>
                <line number="59" hits="4" branch="false"/>
                <line number="60" hits="0" branch="false"/>
                <line number="62" hits="4" branch="false"/>
              </lines>
            </method>
            <method name="sample_posterior" signature="" line-rate="1" branch-rate="0">
              <lines>
                <line number="88" hits="2" branch="false"/>
              </lines>
            </method>
            <method name="sample_posterior.Model" signature="" line-rate="0.857142857142857" branch-rate="0">
              <lines>
                <line number="103" hits="2" branch="false"/>
                <line number="104" hits="2" branch="false"/>
                <line number="105" hits="2" branch="false"/>
                <line number="106" hits="2" branch="false"/>
                <line number="107" hits="2" branch="false"/>
                <line number="108" hits="0" branch="false"/>
                <line number="110" hits="2" branch="false"/>
              </lines>
            </method>
            <method name="sample_predictive" signature="" line-rate="1" branch-rate="0">
              <lines>
                <line number="133" hits="3" branch="false"/>
              </lines>
            </method>
            <method name="sample_predictive.Model" signature="" line-rate="1" branch-rate="0">
              <lines>
                <line number="149" hits="3" branch="false"/>
                <line number="150" hits="3" branch="false"/>
                <line number="151" hits="3" branch="false"/>
                <line number="152" hits="3" branch="false"/>
                <line number="153" hits="3" branch="false"/>
                <line number="155" hits="3" branch="false"/>
              </lines>
            </method>
            <method name="impute_predictive" signature="" line-rate="1" branch-rate="0">
              <lines>
                <line number="183" hits="1" branch="false"/>
              </lines>
            </method>
            <method name="impute_predictive.Model" signature="" line-rate="1" branch-rate="0">
              <lines>
                <line number="199" hits="1" branch="false"/>
                <line number="200" hits="1" branch="false"/>
                <line number="201" hits="1" branch="false"/>
                <line number="202" hits="1" branch="false"/>
                <line number="203" hits="1" branch="false"/>
                <line number="205" hits="1" branch="false"/>
              </lines>
            </method>
            <method name=".sample" signature="" line-rate="1" branch-rate="0">
              <lines>
                <line number="213" hits="6" branch="false"/>
              </lines>
            </method>
            <method name=".sample.Model" signature="" line-rate="1" branch-rate="0">
              <lines>
                <line number="227" hits="6" branch="false"/>
                <line number="228" hits="2" branch="false"/>
                <line number="230" hits="6" branch="false"/>
                <line number="231" hits="6" branch="false"/>
                <line number="232" hits="2" branch="false"/>
                <line number="233" hits="6" branch="false"/>
                <line number="234" hits="6" branch="false"/>
                <line number="236" hits="6" branch="false"/>
                <line number="237" hits="6" branch="false"/>
                <line number="238" hits="6" branch="false"/>
                <line number="239" hits="6" branch="false"/>
                <line number="240" hits="6" branch="false"/>
                <line number="241" hits="6" branch="false"/>
                <line number="242" hits="6" branch="false"/>
                <line number="243" hits="6" branch="false"/>
              </lines>
            </method>
            <method name=".impute" signature="" line-rate="1" branch-rate="0">
              <lines>
                <line number="252" hits="4" branch="false"/>
              </lines>
            </method>
            <method name="parameter_sample_to_tibble" signature="" line-rate="1" branch-rate="0">
              <lines>
                <line number="269" hits="2" branch="false"/>
              </lines>
            </method>
            <method name="parameter_sample_to_tibble.Model" signature="" line-rate="0" branch-rate="0">
              <lines>
                <line number="276" hits="0" branch="false"/>
              </lines>
            </method>
            <method name=".nodata" signature="" line-rate="1" branch-rate="0">
              <lines>
                <line number="285" hits="4" branch="false"/>
              </lines>
            </method>
            <method name=".nodata.Model" signature="" line-rate="0" branch-rate="0">
              <lines>
                <line number="290" hits="0" branch="false"/>
              </lines>
            </method>
            <method name=".emptydata" signature="" line-rate="1" branch-rate="0">
              <lines>
                <line number="299" hits="3" branch="false"/>
              </lines>
            </method>
            <method name=".emptydata.Model" signature="" line-rate="0" branch-rate="0">
              <lines>
                <line number="304" hits="0" branch="false"/>
              </lines>
            </method>
            <method name="data2standata" signature="" line-rate="1" branch-rate="0">
              <lines>
                <line number="313" hits="6" branch="false"/>
              </lines>
            </method>
            <method name="data2standata.Model" signature="" line-rate="0" branch-rate="0">
              <lines>
                <line number="318" hits="0" branch="false"/>
              </lines>
            </method>
            <method name="plot_mstate" signature="" line-rate="1" branch-rate="0">
              <lines>
                <line number="335" hits="1" branch="false"/>
              </lines>
            </method>
            <method name="plot_mstate.Model" signature="" line-rate="0" branch-rate="0">
              <lines>
                <line number="342" hits="0" branch="false"/>
              </lines>
            </method>
            <method name="generate_visit_data" signature="" line-rate="1" branch-rate="0">
              <lines>
                <line number="355" hits="1" branch="false"/>
              </lines>
            </method>
            <method name="generate_visit_data.Model" signature="" line-rate="1" branch-rate="0">
              <lines>
                <line number="363" hits="1" branch="false"/>
                <line number="364" hits="1" branch="false"/>
                <line number="365" hits="1" branch="false"/>
              </lines>
            </method>
            <method name="sample_pfs_rate" signature="" line-rate="0" branch-rate="0">
              <lines>
                <line number="389" hits="0" branch="false"/>
              </lines>
            </method>
            <method name="sample_pfs_rate.Model" signature="" line-rate="0" branch-rate="0">
              <lines>
                <line number="404" hits="0" branch="false"/>
              </lines>
            </method>
          </methods>
          <lines>
            <line number="15" hits="0" branch="false"/>
            <line number="16" hits="0" branch="false"/>
            <line number="40" hits="4" branch="false"/>
            <line number="55" hits="4" branch="false"/>
            <line number="56" hits="4" branch="false"/>
            <line number="57" hits="4" branch="false"/>
            <line number="58" hits="4" branch="false"/>
            <line number="59" hits="4" branch="false"/>
            <line number="60" hits="0" branch="false"/>
            <line number="62" hits="4" branch="false"/>
            <line number="88" hits="2" branch="false"/>
            <line number="103" hits="2" branch="false"/>
            <line number="104" hits="2" branch="false"/>
            <line number="105" hits="2" branch="false"/>
            <line number="106" hits="2" branch="false"/>
            <line number="107" hits="2" branch="false"/>
            <line number="108" hits="0" branch="false"/>
            <line number="110" hits="2" branch="false"/>
            <line number="133" hits="3" branch="false"/>
            <line number="149" hits="3" branch="false"/>
            <line number="150" hits="3" branch="false"/>
            <line number="151" hits="3" branch="false"/>
            <line number="152" hits="3" branch="false"/>
            <line number="153" hits="3" branch="false"/>
            <line number="155" hits="3" branch="false"/>
            <line number="183" hits="1" branch="false"/>
            <line number="199" hits="1" branch="false"/>
            <line number="200" hits="1" branch="false"/>
            <line number="201" hits="1" branch="false"/>
            <line number="202" hits="1" branch="false"/>
            <line number="203" hits="1" branch="false"/>
            <line number="205" hits="1" branch="false"/>
            <line number="213" hits="6" branch="false"/>
            <line number="227" hits="6" branch="false"/>
            <line number="228" hits="2" branch="false"/>
            <line number="230" hits="6" branch="false"/>
            <line number="231" hits="6" branch="false"/>
            <line number="232" hits="2" branch="false"/>
            <line number="233" hits="6" branch="false"/>
            <line number="234" hits="6" branch="false"/>
            <line number="236" hits="6" branch="false"/>
            <line number="237" hits="6" branch="false"/>
            <line number="238" hits="6" branch="false"/>
            <line number="239" hits="6" branch="false"/>
            <line number="240" hits="6" branch="false"/>
            <line number="241" hits="6" branch="false"/>
            <line number="242" hits="6" branch="false"/>
            <line number="243" hits="6" branch="false"/>
            <line number="252" hits="4" branch="false"/>
            <line number="269" hits="2" branch="false"/>
            <line number="276" hits="0" branch="false"/>
            <line number="285" hits="4" branch="false"/>
            <line number="290" hits="0" branch="false"/>
            <line number="299" hits="3" branch="false"/>
            <line number="304" hits="0" branch="false"/>
            <line number="313" hits="6" branch="false"/>
            <line number="318" hits="0" branch="false"/>
            <line number="335" hits="1" branch="false"/>
            <line number="342" hits="0" branch="false"/>
            <line number="355" hits="1" branch="false"/>
            <line number="363" hits="1" branch="false"/>
            <line number="364" hits="1" branch="false"/>
            <line number="365" hits="1" branch="false"/>
            <line number="389" hits="0" branch="false"/>
            <line number="404" hits="0" branch="false"/>
          </lines>
        </class>
        <class name="mstate_to_visit.R" filename="R/mstate_to_visit.R" line-rate="0.981132075471698" branch-rate="0" complexity="0">
          <methods>
            <method name="mstate_to_visits" signature="" line-rate="1" branch-rate="0">
              <lines>
                <line number="19" hits="1" branch="false"/>
              </lines>
            </method>
            <method name="mstate_to_visits.Model" signature="" line-rate="0" branch-rate="0">
              <lines>
                <line number="26" hits="0" branch="false"/>
              </lines>
            </method>
            <method name="mstate_to_visits.srp_model" signature="" line-rate="1" branch-rate="0">
              <lines>
                <line number="35" hits="1" branch="false"/>
                <line number="37" hits="1" branch="false"/>
                <line number="38" hits="1" branch="false"/>
                <line number="40" hits="1" branch="false"/>
                <line number="41" hits="1" branch="false"/>
                <line number="42" hits="1" branch="false"/>
                <line number="43" hits="1" branch="false"/>
                <line number="44" hits="1" branch="false"/>
                <line number="45" hits="1" branch="false"/>
                <line number="46" hits="1" branch="false"/>
                <line number="47" hits="1" branch="false"/>
                <line number="48" hits="1" branch="false"/>
                <line number="49" hits="1" branch="false"/>
                <line number="50" hits="1" branch="false"/>
                <line number="51" hits="1" branch="false"/>
                <line number="52" hits="1" branch="false"/>
                <line number="53" hits="1" branch="false"/>
                <line number="54" hits="1" branch="false"/>
                <line number="55" hits="1" branch="false"/>
                <line number="56" hits="1" branch="false"/>
                <line number="57" hits="1" branch="false"/>
                <line number="58" hits="1" branch="false"/>
                <line number="59" hits="1" branch="false"/>
                <line number="60" hits="1" branch="false"/>
                <line number="61" hits="1" branch="false"/>
                <line number="62" hits="1" branch="false"/>
                <line number="63" hits="1" branch="false"/>
                <line number="64" hits="1" branch="false"/>
                <line number="65" hits="1" branch="false"/>
                <line number="66" hits="1" branch="false"/>
                <line number="67" hits="1" branch="false"/>
                <line number="68" hits="1" branch="false"/>
                <line number="69" hits="1" branch="false"/>
                <line number="70" hits="1" branch="false"/>
                <line number="71" hits="1" branch="false"/>
                <line number="72" hits="1" branch="false"/>
                <line number="73" hits="1" branch="false"/>
                <line number="74" hits="1" branch="false"/>
                <line number="75" hits="1" branch="false"/>
                <line number="76" hits="1" branch="false"/>
                <line number="77" hits="1" branch="false"/>
                <line number="78" hits="1" branch="false"/>
                <line number="79" hits="1" branch="false"/>
                <line number="80" hits="1" branch="false"/>
                <line number="81" hits="1" branch="false"/>
                <line number="82" hits="1" branch="false"/>
                <line number="83" hits="1" branch="false"/>
                <line number="84" hits="1" branch="false"/>
                <line number="85" hits="1" branch="false"/>
                <line number="86" hits="1" branch="false"/>
                <line number="87" hits="1" branch="false"/>
              </lines>
            </method>
          </methods>
          <lines>
            <line number="19" hits="1" branch="false"/>
            <line number="26" hits="0" branch="false"/>
            <line number="35" hits="1" branch="false"/>
            <line number="37" hits="1" branch="false"/>
            <line number="38" hits="1" branch="false"/>
            <line number="40" hits="1" branch="false"/>
            <line number="41" hits="1" branch="false"/>
            <line number="42" hits="1" branch="false"/>
            <line number="43" hits="1" branch="false"/>
            <line number="44" hits="1" branch="false"/>
            <line number="45" hits="1" branch="false"/>
            <line number="46" hits="1" branch="false"/>
            <line number="47" hits="1" branch="false"/>
            <line number="48" hits="1" branch="false"/>
            <line number="49" hits="1" branch="false"/>
            <line number="50" hits="1" branch="false"/>
            <line number="51" hits="1" branch="false"/>
            <line number="52" hits="1" branch="false"/>
            <line number="53" hits="1" branch="false"/>
            <line number="54" hits="1" branch="false"/>
            <line number="55" hits="1" branch="false"/>
            <line number="56" hits="1" branch="false"/>
            <line number="57" hits="1" branch="false"/>
            <line number="58" hits="1" branch="false"/>
            <line number="59" hits="1" branch="false"/>
            <line number="60" hits="1" branch="false"/>
            <line number="61" hits="1" branch="false"/>
            <line number="62" hits="1" branch="false"/>
            <line number="63" hits="1" branch="false"/>
            <line number="64" hits="1" branch="false"/>
            <line number="65" hits="1" branch="false"/>
            <line number="66" hits="1" branch="false"/>
            <line number="67" hits="1" branch="false"/>
            <line number="68" hits="1" branch="false"/>
            <line number="69" hits="1" branch="false"/>
            <line number="70" hits="1" branch="false"/>
            <line number="71" hits="1" branch="false"/>
            <line number="72" hits="1" branch="false"/>
            <line number="73" hits="1" branch="false"/>
            <line number="74" hits="1" branch="false"/>
            <line number="75" hits="1" branch="false"/>
            <line number="76" hits="1" branch="false"/>
            <line number="77" hits="1" branch="false"/>
            <line number="78" hits="1" branch="false"/>
            <line number="79" hits="1" branch="false"/>
            <line number="80" hits="1" branch="false"/>
            <line number="81" hits="1" branch="false"/>
            <line number="82" hits="1" branch="false"/>
            <line number="83" hits="1" branch="false"/>
            <line number="84" hits="1" branch="false"/>
            <line number="85" hits="1" branch="false"/>
            <line number="86" hits="1" branch="false"/>
            <line number="87" hits="1" branch="false"/>
          </lines>
        </class>
        <class name="srp_model.R" filename="R/srp_model.R" line-rate="0.68562874251497" branch-rate="0" complexity="0">
          <methods>
            <method name="create_srp_model" signature="" line-rate="1" branch-rate="0">
              <lines>
                <line number="48" hits="1" branch="false"/>
                <line number="49" hits="1" branch="false"/>
                <line number="50" hits="1" branch="false"/>
                <line number="51" hits="1" branch="false"/>
                <line number="52" hits="1" branch="false"/>
                <line number="53" hits="1" branch="false"/>
                <line number="54" hits="1" branch="false"/>
                <line number="55" hits="1" branch="false"/>
                <line number="56" hits="1" branch="false"/>
                <line number="57" hits="1" branch="false"/>
                <line number="58" hits="1" branch="false"/>
              </lines>
            </method>
            <method name=".impute.srp_model" signature="" line-rate="0.819148936170213" branch-rate="0">
              <lines>
                <line number="66" hits="4" branch="false"/>
                <line number="67" hits="3" branch="false"/>
                <line number="70" hits="4" branch="false"/>
                <line number="72" hits="4" branch="false"/>
                <line number="73" hits="4" branch="false"/>
                <line number="75" hits="4" branch="false"/>
                <line number="76" hits="4" branch="false"/>
                <line number="77" hits="4" branch="false"/>
                <line number="79" hits="4" branch="false"/>
                <line number="80" hits="4" branch="false"/>
                <line number="81" hits="4" branch="false"/>
                <line number="82" hits="4" branch="false"/>
                <line number="83" hits="4" branch="false"/>
                <line number="84" hits="4" branch="false"/>
                <line number="86" hits="4" branch="false"/>
                <line number="87" hits="4" branch="false"/>
                <line number="88" hits="4" branch="false"/>
                <line number="90" hits="4" branch="false"/>
                <line number="91" hits="4" branch="false"/>
                <line number="93" hits="4" branch="false"/>
                <line number="94" hits="182" branch="false"/>
                <line number="95" hits="62" branch="false"/>
                <line number="97" hits="120" branch="false"/>
                <line number="98" hits="2040" branch="false"/>
                <line number="99" hits="2040" branch="false"/>
                <line number="100" hits="2040" branch="false"/>
                <line number="101" hits="2040" branch="false"/>
                <line number="102" hits="2040" branch="false"/>
                <line number="104" hits="2040" branch="false"/>
                <line number="105" hits="2040" branch="false"/>
                <line number="106" hits="2040" branch="false"/>
                <line number="107" hits="2040" branch="false"/>
                <line number="108" hits="2040" branch="false"/>
                <line number="109" hits="2040" branch="false"/>
                <line number="110" hits="2040" branch="false"/>
                <line number="111" hits="2040" branch="false"/>
                <line number="112" hits="2040" branch="false"/>
                <line number="114" hits="993" branch="false"/>
                <line number="115" hits="993" branch="false"/>
                <line number="116" hits="993" branch="false"/>
                <line number="118" hits="993" branch="false"/>
                <line number="119" hits="993" branch="false"/>
                <line number="120" hits="993" branch="false"/>
                <line number="122" hits="993" branch="false"/>
                <line number="124" hits="993" branch="false"/>
                <line number="125" hits="993" branch="false"/>
                <line number="126" hits="993" branch="false"/>
                <line number="127" hits="993" branch="false"/>
                <line number="128" hits="993" branch="false"/>
                <line number="129" hits="993" branch="false"/>
                <line number="130" hits="993" branch="false"/>
                <line number="131" hits="993" branch="false"/>
                <line number="132" hits="993" branch="false"/>
                <line number="133" hits="993" branch="false"/>
                <line number="135" hits="1047" branch="false"/>
                <line number="136" hits="1047" branch="false"/>
                <line number="137" hits="1047" branch="false"/>
                <line number="139" hits="1047" branch="false"/>
                <line number="140" hits="1047" branch="false"/>
                <line number="141" hits="1047" branch="false"/>
                <line number="142" hits="1047" branch="false"/>
                <line number="143" hits="1047" branch="false"/>
                <line number="144" hits="1047" branch="false"/>
                <line number="145" hits="1047" branch="false"/>
                <line number="146" hits="1047" branch="false"/>
                <line number="147" hits="1047" branch="false"/>
                <line number="150" hits="2040" branch="false"/>
                <line number="151" hits="0" branch="false"/>
                <line number="152" hits="0" branch="false"/>
                <line number="155" hits="0" branch="false"/>
                <line number="156" hits="0" branch="false"/>
                <line number="157" hits="0" branch="false"/>
                <line number="159" hits="0" branch="false"/>
                <line number="160" hits="0" branch="false"/>
                <line number="161" hits="0" branch="false"/>
                <line number="163" hits="0" branch="false"/>
                <line number="164" hits="0" branch="false"/>
                <line number="165" hits="0" branch="false"/>
                <line number="166" hits="0" branch="false"/>
                <line number="167" hits="0" branch="false"/>
                <line number="168" hits="0" branch="false"/>
                <line number="169" hits="0" branch="false"/>
                <line number="170" hits="0" branch="false"/>
                <line number="171" hits="0" branch="false"/>
                <line number="177" hits="4" branch="false"/>
                <line number="178" hits="4" branch="false"/>
                <line number="179" hits="4" branch="false"/>
                <line number="180" hits="4" branch="false"/>
                <line number="181" hits="4" branch="false"/>
                <line number="182" hits="4" branch="false"/>
                <line number="183" hits="4" branch="false"/>
                <line number="184" hits="4" branch="false"/>
                <line number="185" hits="4" branch="false"/>
                <line number="186" hits="4" branch="false"/>
              </lines>
            </method>
            <method name=".nodata.srp_model" signature="" line-rate="1" branch-rate="0">
              <lines>
                <line number="193" hits="5" branch="false"/>
                <line number="194" hits="5" branch="false"/>
                <line number="195" hits="5" branch="false"/>
                <line number="196" hits="5" branch="false"/>
                <line number="197" hits="5" branch="false"/>
                <line number="198" hits="5" branch="false"/>
                <line number="199" hits="5" branch="false"/>
                <line number="200" hits="5" branch="false"/>
                <line number="201" hits="5" branch="false"/>
              </lines>
            </method>
            <method name=".emptydata.srp_model" signature="" line-rate="1" branch-rate="0">
              <lines>
                <line number="208" hits="3" branch="false"/>
                <line number="209" hits="3" branch="false"/>
                <line number="210" hits="3" branch="false"/>
                <line number="211" hits="3" branch="false"/>
                <line number="212" hits="3" branch="false"/>
                <line number="213" hits="3" branch="false"/>
                <line number="216" hits="3" branch="false"/>
                <line number="217" hits="3" branch="false"/>
                <line number="218" hits="3" branch="false"/>
                <line number="219" hits="3" branch="false"/>
              </lines>
            </method>
            <method name="data2standata.srp_model" signature="" line-rate="1" branch-rate="0">
              <lines>
                <line number="226" hits="8" branch="false"/>
                <line number="227" hits="8" branch="false"/>
                <line number="228" hits="8" branch="false"/>
                <line number="229" hits="8" branch="false"/>
                <line number="230" hits="8" branch="false"/>
                <line number="231" hits="8" branch="false"/>
                <line number="232" hits="8" branch="false"/>
                <line number="233" hits="8" branch="false"/>
                <line number="234" hits="8" branch="false"/>
                <line number="235" hits="8" branch="false"/>
                <line number="236" hits="8" branch="false"/>
                <line number="237" hits="8" branch="false"/>
                <line number="238" hits="8" branch="false"/>
                <line number="239" hits="8" branch="false"/>
                <line number="240" hits="8" branch="false"/>
                <line number="241" hits="8" branch="false"/>
                <line number="242" hits="8" branch="false"/>
                <line number="245" hits="8" branch="false"/>
                <line number="246" hits="56" branch="false"/>
                <line number="249" hits="8" branch="false"/>
                <line number="250" hits="8" branch="false"/>
                <line number="251" hits="8" branch="false"/>
                <line number="253" hits="8" branch="false"/>
                <line number="255" hits="8" branch="false"/>
              </lines>
            </method>
            <method name="parameter_sample_to_tibble.srp_model" signature="" line-rate="1" branch-rate="0">
              <lines>
                <line number="261" hits="2" branch="false"/>
                <line number="262" hits="2" branch="false"/>
                <line number="263" hits="2" branch="false"/>
                <line number="264" hits="2" branch="false"/>
                <line number="265" hits="2" branch="false"/>
                <line number="266" hits="2" branch="false"/>
                <line number="267" hits="2" branch="false"/>
                <line number="268" hits="2" branch="false"/>
                <line number="269" hits="2" branch="false"/>
                <line number="270" hits="2" branch="false"/>
                <line number="271" hits="2" branch="false"/>
                <line number="272" hits="2" branch="false"/>
                <line number="273" hits="2" branch="false"/>
                <line number="274" hits="2" branch="false"/>
              </lines>
            </method>
            <method name="plot_mstate.srp_model" signature="" line-rate="0.933333333333333" branch-rate="0">
              <lines>
                <line number="284" hits="1" branch="false"/>
                <line number="286" hits="1" branch="false"/>
                <line number="287" hits="1" branch="false"/>
                <line number="289" hits="1" branch="false"/>
                <line number="290" hits="0" branch="false"/>
                <line number="291" hits="0" branch="false"/>
                <line number="292" hits="0" branch="false"/>
                <line number="293" hits="0" branch="false"/>
                <line number="294" hits="0" branch="false"/>
                <line number="295" hits="0" branch="false"/>
                <line number="298" hits="1" branch="false"/>
                <line number="299" hits="1" branch="false"/>
                <line number="300" hits="1" branch="false"/>
                <line number="301" hits="1" branch="false"/>
                <line number="302" hits="1" branch="false"/>
                <line number="303" hits="1" branch="false"/>
                <line number="304" hits="1" branch="false"/>
                <line number="305" hits="1" branch="false"/>
                <line number="306" hits="1" branch="false"/>
                <line number="307" hits="1" branch="false"/>
                <line number="308" hits="1" branch="false"/>
                <line number="309" hits="1" branch="false"/>
                <line number="310" hits="1" branch="false"/>
                <line number="311" hits="1" branch="false"/>
                <line number="312" hits="1" branch="false"/>
                <line number="313" hits="1" branch="false"/>
                <line number="315" hits="1" branch="false"/>
                <line number="316" hits="1" branch="false"/>
                <line number="317" hits="1" branch="false"/>
                <line number="318" hits="1" branch="false"/>
                <line number="319" hits="1" branch="false"/>
                <line number="320" hits="1" branch="false"/>
                <line number="321" hits="1" branch="false"/>
                <line number="322" hits="1" branch="false"/>
                <line number="323" hits="1" branch="false"/>
                <line number="324" hits="1" branch="false"/>
                <line number="325" hits="1" branch="false"/>
                <line number="326" hits="1" branch="false"/>
                <line number="327" hits="1" branch="false"/>
                <line number="328" hits="1" branch="false"/>
                <line number="329" hits="1" branch="false"/>
                <line number="330" hits="1" branch="false"/>
                <line number="331" hits="1" branch="false"/>
                <line number="332" hits="1" branch="false"/>
                <line number="333" hits="1" branch="false"/>
                <line number="334" hits="1" branch="false"/>
                <line number="335" hits="1" branch="false"/>
                <line number="336" hits="1" branch="false"/>
                <line number="337" hits="1" branch="false"/>
                <line number="339" hits="1" branch="false"/>
                <line number="340" hits="1" branch="false"/>
                <line number="341" hits="1" branch="false"/>
                <line number="342" hits="1" branch="false"/>
                <line number="343" hits="1" branch="false"/>
                <line number="344" hits="1" branch="false"/>
                <line number="345" hits="1" branch="false"/>
                <line number="346" hits="1" branch="false"/>
                <line number="348" hits="1" branch="false"/>
                <line number="349" hits="1" branch="false"/>
                <line number="350" hits="1" branch="false"/>
                <line number="351" hits="1" branch="false"/>
                <line number="352" hits="1" branch="false"/>
                <line number="353" hits="1" branch="false"/>
                <line number="354" hits="1" branch="false"/>
                <line number="355" hits="1" branch="false"/>
                <line number="357" hits="1" branch="false"/>
                <line number="359" hits="1" branch="false"/>
                <line number="360" hits="1" branch="false"/>
                <line number="361" hits="1" branch="false"/>
                <line number="362" hits="1" branch="false"/>
                <line number="363" hits="1" branch="false"/>
                <line number="364" hits="1" branch="false"/>
                <line number="365" hits="1" branch="false"/>
                <line number="366" hits="1" branch="false"/>
                <line number="367" hits="1" branch="false"/>
                <line number="368" hits="1" branch="false"/>
                <line number="369" hits="1" branch="false"/>
                <line number="370" hits="1" branch="false"/>
                <line number="371" hits="1" branch="false"/>
                <line number="372" hits="1" branch="false"/>
                <line number="373" hits="1" branch="false"/>
                <line number="374" hits="1" branch="false"/>
                <line number="375" hits="1" branch="false"/>
                <line number="376" hits="1" branch="false"/>
                <line number="377" hits="1" branch="false"/>
                <line number="378" hits="1" branch="false"/>
                <line number="379" hits="1" branch="false"/>
                <line number="380" hits="1" branch="false"/>
                <line number="381" hits="1" branch="false"/>
                <line number="382" hits="1" branch="false"/>
              </lines>
            </method>
            <method name="plot.srp_model" signature="" line-rate="0" branch-rate="0">
              <lines>
                <line number="390" hits="0" branch="false"/>
                <line number="391" hits="0" branch="false"/>
                <line number="393" hits="0" branch="false"/>
                <line number="394" hits="0" branch="false"/>
                <line number="396" hits="0" branch="false"/>
                <line number="398" hits="0" branch="false"/>
                <line number="399" hits="0" branch="false"/>
                <line number="400" hits="0" branch="false"/>
                <line number="401" hits="0" branch="false"/>
                <line number="402" hits="0" branch="false"/>
                <line number="403" hits="0" branch="false"/>
                <line number="404" hits="0" branch="false"/>
                <line number="405" hits="0" branch="false"/>
                <line number="406" hits="0" branch="false"/>
                <line number="407" hits="0" branch="false"/>
                <line number="408" hits="0" branch="false"/>
                <line number="409" hits="0" branch="false"/>
                <line number="410" hits="0" branch="false"/>
                <line number="411" hits="0" branch="false"/>
                <line number="412" hits="0" branch="false"/>
                <line number="413" hits="0" branch="false"/>
                <line number="414" hits="0" branch="false"/>
                <line number="415" hits="0" branch="false"/>
                <line number="416" hits="0" branch="false"/>
                <line number="417" hits="0" branch="false"/>
                <line number="418" hits="0" branch="false"/>
                <line number="419" hits="0" branch="false"/>
                <line number="420" hits="0" branch="false"/>
                <line number="421" hits="0" branch="false"/>
                <line number="422" hits="0" branch="false"/>
                <line number="423" hits="0" branch="false"/>
                <line number="424" hits="0" branch="false"/>
                <line number="425" hits="0" branch="false"/>
                <line number="427" hits="0" branch="false"/>
                <line number="428" hits="0" branch="false"/>
                <line number="429" hits="0" branch="false"/>
                <line number="430" hits="0" branch="false"/>
                <line number="431" hits="0" branch="false"/>
                <line number="432" hits="0" branch="false"/>
                <line number="433" hits="0" branch="false"/>
                <line number="434" hits="0" branch="false"/>
                <line number="435" hits="0" branch="false"/>
                <line number="436" hits="0" branch="false"/>
                <line number="437" hits="0" branch="false"/>
                <line number="438" hits="0" branch="false"/>
                <line number="439" hits="0" branch="false"/>
                <line number="440" hits="0" branch="false"/>
                <line number="441" hits="0" branch="false"/>
                <line number="442" hits="0" branch="false"/>
              </lines>
            </method>
            <method name="sample_pfs_rate.srp_model" signature="" line-rate="0" branch-rate="0">
              <lines>
                <line number="457" hits="0" branch="false"/>
                <line number="458" hits="0" branch="false"/>
                <line number="459" hits="0" branch="false"/>
                <line number="460" hits="0" branch="false"/>
                <line number="462" hits="0" branch="false"/>
                <line number="463" hits="0" branch="false"/>
                <line number="464" hits="0" branch="false"/>
                <line number="465" hits="0" branch="false"/>
                <line number="466" hits="0" branch="false"/>
                <line number="468" hits="0" branch="false"/>
                <line number="469" hits="0" branch="false"/>
                <line number="470" hits="0" branch="false"/>
                <line number="472" hits="0" branch="false"/>
                <line number="473" hits="0" branch="false"/>
                <line number="474" hits="0" branch="false"/>
                <line number="475" hits="0" branch="false"/>
                <line number="476" hits="0" branch="false"/>
                <line number="477" hits="0" branch="false"/>
                <line number="479" hits="0" branch="false"/>
                <line number="480" hits="0" branch="false"/>
                <line number="482" hits="0" branch="false"/>
                <line number="484" hits="0" branch="false"/>
                <line number="485" hits="0" branch="false"/>
                <line number="486" hits="0" branch="false"/>
                <line number="487" hits="0" branch="false"/>
                <line number="488" hits="0" branch="false"/>
                <line number="489" hits="0" branch="false"/>
                <line number="490" hits="0" branch="false"/>
                <line number="491" hits="0" branch="false"/>
                <line number="492" hits="0" branch="false"/>
                <line number="493" hits="0" branch="false"/>
                <line number="494" hits="0" branch="false"/>
                <line number="495" hits="0" branch="false"/>
              </lines>
            </method>
          </methods>
          <lines>
            <line number="48" hits="1" branch="false"/>
            <line number="49" hits="1" branch="false"/>
            <line number="50" hits="1" branch="false"/>
            <line number="51" hits="1" branch="false"/>
            <line number="52" hits="1" branch="false"/>
            <line number="53" hits="1" branch="false"/>
            <line number="54" hits="1" branch="false"/>
            <line number="55" hits="1" branch="false"/>
            <line number="56" hits="1" branch="false"/>
            <line number="57" hits="1" branch="false"/>
            <line number="58" hits="1" branch="false"/>
            <line number="66" hits="4" branch="false"/>
            <line number="67" hits="3" branch="false"/>
            <line number="70" hits="4" branch="false"/>
            <line number="72" hits="4" branch="false"/>
            <line number="73" hits="4" branch="false"/>
            <line number="75" hits="4" branch="false"/>
            <line number="76" hits="4" branch="false"/>
            <line number="77" hits="4" branch="false"/>
            <line number="79" hits="4" branch="false"/>
            <line number="80" hits="4" branch="false"/>
            <line number="81" hits="4" branch="false"/>
            <line number="82" hits="4" branch="false"/>
            <line number="83" hits="4" branch="false"/>
            <line number="84" hits="4" branch="false"/>
            <line number="86" hits="4" branch="false"/>
            <line number="87" hits="4" branch="false"/>
            <line number="88" hits="4" branch="false"/>
            <line number="90" hits="4" branch="false"/>
            <line number="91" hits="4" branch="false"/>
            <line number="93" hits="4" branch="false"/>
            <line number="94" hits="182" branch="false"/>
            <line number="95" hits="62" branch="false"/>
            <line number="97" hits="120" branch="false"/>
            <line number="98" hits="2040" branch="false"/>
            <line number="99" hits="2040" branch="false"/>
            <line number="100" hits="2040" branch="false"/>
            <line number="101" hits="2040" branch="false"/>
            <line number="102" hits="2040" branch="false"/>
            <line number="104" hits="2040" branch="false"/>
            <line number="105" hits="2040" branch="false"/>
            <line number="106" hits="2040" branch="false"/>
            <line number="107" hits="2040" branch="false"/>
            <line number="108" hits="2040" branch="false"/>
            <line number="109" hits="2040" branch="false"/>
            <line number="110" hits="2040" branch="false"/>
            <line number="111" hits="2040" branch="false"/>
            <line number="112" hits="2040" branch="false"/>
            <line number="114" hits="993" branch="false"/>
            <line number="115" hits="993" branch="false"/>
            <line number="116" hits="993" branch="false"/>
            <line number="118" hits="993" branch="false"/>
            <line number="119" hits="993" branch="false"/>
            <line number="120" hits="993" branch="false"/>
            <line number="122" hits="993" branch="false"/>
            <line number="124" hits="993" branch="false"/>
            <line number="125" hits="993" branch="false"/>
            <line number="126" hits="993" branch="false"/>
            <line number="127" hits="993" branch="false"/>
            <line number="128" hits="993" branch="false"/>
            <line number="129" hits="993" branch="false"/>
            <line number="130" hits="993" branch="false"/>
            <line number="131" hits="993" branch="false"/>
            <line number="132" hits="993" branch="false"/>
            <line number="133" hits="993" branch="false"/>
            <line number="135" hits="1047" branch="false"/>
            <line number="136" hits="1047" branch="false"/>
            <line number="137" hits="1047" branch="false"/>
            <line number="139" hits="1047" branch="false"/>
            <line number="140" hits="1047" branch="false"/>
            <line number="141" hits="1047" branch="false"/>
            <line number="142" hits="1047" branch="false"/>
            <line number="143" hits="1047" branch="false"/>
            <line number="144" hits="1047" branch="false"/>
            <line number="145" hits="1047" branch="false"/>
            <line number="146" hits="1047" branch="false"/>
            <line number="147" hits="1047" branch="false"/>
            <line number="150" hits="2040" branch="false"/>
            <line number="151" hits="0" branch="false"/>
            <line number="152" hits="0" branch="false"/>
            <line number="155" hits="0" branch="false"/>
            <line number="156" hits="0" branch="false"/>
            <line number="157" hits="0" branch="false"/>
            <line number="159" hits="0" branch="false"/>
            <line number="160" hits="0" branch="false"/>
            <line number="161" hits="0" branch="false"/>
            <line number="163" hits="0" branch="false"/>
            <line number="164" hits="0" branch="false"/>
            <line number="165" hits="0" branch="false"/>
            <line number="166" hits="0" branch="false"/>
            <line number="167" hits="0" branch="false"/>
            <line number="168" hits="0" branch="false"/>
            <line number="169" hits="0" branch="false"/>
            <line number="170" hits="0" branch="false"/>
            <line number="171" hits="0" branch="false"/>
            <line number="177" hits="4" branch="false"/>
            <line number="178" hits="4" branch="false"/>
            <line number="179" hits="4" branch="false"/>
            <line number="180" hits="4" branch="false"/>
            <line number="181" hits="4" branch="false"/>
            <line number="182" hits="4" branch="false"/>
            <line number="183" hits="4" branch="false"/>
            <line number="184" hits="4" branch="false"/>
            <line number="185" hits="4" branch="false"/>
            <line number="186" hits="4" branch="false"/>
            <line number="193" hits="5" branch="false"/>
            <line number="194" hits="5" branch="false"/>
            <line number="195" hits="5" branch="false"/>
            <line number="196" hits="5" branch="false"/>
            <line number="197" hits="5" branch="false"/>
            <line number="198" hits="5" branch="false"/>
            <line number="199" hits="5" branch="false"/>
            <line number="200" hits="5" branch="false"/>
            <line number="201" hits="5" branch="false"/>
            <line number="208" hits="3" branch="false"/>
            <line number="209" hits="3" branch="false"/>
            <line number="210" hits="3" branch="false"/>
            <line number="211" hits="3" branch="false"/>
            <line number="212" hits="3" branch="false"/>
            <line number="213" hits="3" branch="false"/>
            <line number="216" hits="3" branch="false"/>
            <line number="217" hits="3" branch="false"/>
            <line number="218" hits="3" branch="false"/>
            <line number="219" hits="3" branch="false"/>
            <line number="226" hits="8" branch="false"/>
            <line number="227" hits="8" branch="false"/>
            <line number="228" hits="8" branch="false"/>
            <line number="229" hits="8" branch="false"/>
            <line number="230" hits="8" branch="false"/>
            <line number="231" hits="8" branch="false"/>
            <line number="232" hits="8" branch="false"/>
            <line number="233" hits="8" branch="false"/>
            <line number="234" hits="8" branch="false"/>
            <line number="235" hits="8" branch="false"/>
            <line number="236" hits="8" branch="false"/>
            <line number="237" hits="8" branch="false"/>
            <line number="238" hits="8" branch="false"/>
            <line number="239" hits="8" branch="false"/>
            <line number="240" hits="8" branch="false"/>
            <line number="241" hits="8" branch="false"/>
            <line number="242" hits="8" branch="false"/>
            <line number="245" hits="8" branch="false"/>
            <line number="246" hits="56" branch="false"/>
            <line number="249" hits="8" branch="false"/>
            <line number="250" hits="8" branch="false"/>
            <line number="251" hits="8" branch="false"/>
            <line number="253" hits="8" branch="false"/>
            <line number="255" hits="8" branch="false"/>
            <line number="261" hits="2" branch="false"/>
            <line number="262" hits="2" branch="false"/>
            <line number="263" hits="2" branch="false"/>
            <line number="264" hits="2" branch="false"/>
            <line number="265" hits="2" branch="false"/>
            <line number="266" hits="2" branch="false"/>
            <line number="267" hits="2" branch="false"/>
            <line number="268" hits="2" branch="false"/>
            <line number="269" hits="2" branch="false"/>
            <line number="270" hits="2" branch="false"/>
            <line number="271" hits="2" branch="false"/>
            <line number="272" hits="2" branch="false"/>
            <line number="273" hits="2" branch="false"/>
            <line number="274" hits="2" branch="false"/>
            <line number="284" hits="1" branch="false"/>
            <line number="286" hits="1" branch="false"/>
            <line number="287" hits="1" branch="false"/>
            <line number="289" hits="1" branch="false"/>
            <line number="290" hits="0" branch="false"/>
            <line number="291" hits="0" branch="false"/>
            <line number="292" hits="0" branch="false"/>
            <line number="293" hits="0" branch="false"/>
            <line number="294" hits="0" branch="false"/>
            <line number="295" hits="0" branch="false"/>
            <line number="298" hits="1" branch="false"/>
            <line number="299" hits="1" branch="false"/>
            <line number="300" hits="1" branch="false"/>
            <line number="301" hits="1" branch="false"/>
            <line number="302" hits="1" branch="false"/>
            <line number="303" hits="1" branch="false"/>
            <line number="304" hits="1" branch="false"/>
            <line number="305" hits="1" branch="false"/>
            <line number="306" hits="1" branch="false"/>
            <line number="307" hits="1" branch="false"/>
            <line number="308" hits="1" branch="false"/>
            <line number="309" hits="1" branch="false"/>
            <line number="310" hits="1" branch="false"/>
            <line number="311" hits="1" branch="false"/>
            <line number="312" hits="1" branch="false"/>
            <line number="313" hits="1" branch="false"/>
            <line number="315" hits="1" branch="false"/>
            <line number="316" hits="1" branch="false"/>
            <line number="317" hits="1" branch="false"/>
            <line number="318" hits="1" branch="false"/>
            <line number="319" hits="1" branch="false"/>
            <line number="320" hits="1" branch="false"/>
            <line number="321" hits="1" branch="false"/>
            <line number="322" hits="1" branch="false"/>
            <line number="323" hits="1" branch="false"/>
            <line number="324" hits="1" branch="false"/>
            <line number="325" hits="1" branch="false"/>
            <line number="326" hits="1" branch="false"/>
            <line number="327" hits="1" branch="false"/>
            <line number="328" hits="1" branch="false"/>
            <line number="329" hits="1" branch="false"/>
            <line number="330" hits="1" branch="false"/>
            <line number="331" hits="1" branch="false"/>
            <line number="332" hits="1" branch="false"/>
            <line number="333" hits="1" branch="false"/>
            <line number="334" hits="1" branch="false"/>
            <line number="335" hits="1" branch="false"/>
            <line number="336" hits="1" branch="false"/>
            <line number="337" hits="1" branch="false"/>
            <line number="339" hits="1" branch="false"/>
            <line number="340" hits="1" branch="false"/>
            <line number="341" hits="1" branch="false"/>
            <line number="342" hits="1" branch="false"/>
            <line number="343" hits="1" branch="false"/>
            <line number="344" hits="1" branch="false"/>
            <line number="345" hits="1" branch="false"/>
            <line number="346" hits="1" branch="false"/>
            <line number="348" hits="1" branch="false"/>
            <line number="349" hits="1" branch="false"/>
            <line number="350" hits="1" branch="false"/>
            <line number="351" hits="1" branch="false"/>
            <line number="352" hits="1" branch="false"/>
            <line number="353" hits="1" branch="false"/>
            <line number="354" hits="1" branch="false"/>
            <line number="355" hits="1" branch="false"/>
            <line number="357" hits="1" branch="false"/>
            <line number="359" hits="1" branch="false"/>
            <line number="360" hits="1" branch="false"/>
            <line number="361" hits="1" branch="false"/>
            <line number="362" hits="1" branch="false"/>
            <line number="363" hits="1" branch="false"/>
            <line number="364" hits="1" branch="false"/>
            <line number="365" hits="1" branch="false"/>
            <line number="366" hits="1" branch="false"/>
            <line number="367" hits="1" branch="false"/>
            <line number="368" hits="1" branch="false"/>
            <line number="369" hits="1" branch="false"/>
            <line number="370" hits="1" branch="false"/>
            <line number="371" hits="1" branch="false"/>
            <line number="372" hits="1" branch="false"/>
            <line number="373" hits="1" branch="false"/>
            <line number="374" hits="1" branch="false"/>
            <line number="375" hits="1" branch="false"/>
            <line number="376" hits="1" branch="false"/>
            <line number="377" hits="1" branch="false"/>
            <line number="378" hits="1" branch="false"/>
            <line number="379" hits="1" branch="false"/>
            <line number="380" hits="1" branch="false"/>
            <line number="381" hits="1" branch="false"/>
            <line number="382" hits="1" branch="false"/>
            <line number="390" hits="0" branch="false"/>
            <line number="391" hits="0" branch="false"/>
            <line number="393" hits="0" branch="false"/>
            <line number="394" hits="0" branch="false"/>
            <line number="396" hits="0" branch="false"/>
            <line number="398" hits="0" branch="false"/>
            <line number="399" hits="0" branch="false"/>
            <line number="400" hits="0" branch="false"/>
            <line number="401" hits="0" branch="false"/>
            <line number="402" hits="0" branch="false"/>
            <line number="403" hits="0" branch="false"/>
            <line number="404" hits="0" branch="false"/>
            <line number="405" hits="0" branch="false"/>
            <line number="406" hits="0" branch="false"/>
            <line number="407" hits="0" branch="false"/>
            <line number="408" hits="0" branch="false"/>
            <line number="409" hits="0" branch="false"/>
            <line number="410" hits="0" branch="false"/>
            <line number="411" hits="0" branch="false"/>
            <line number="412" hits="0" branch="false"/>
            <line number="413" hits="0" branch="false"/>
            <line number="414" hits="0" branch="false"/>
            <line number="415" hits="0" branch="false"/>
            <line number="416" hits="0" branch="false"/>
            <line number="417" hits="0" branch="false"/>
            <line number="418" hits="0" branch="false"/>
            <line number="419" hits="0" branch="false"/>
            <line number="420" hits="0" branch="false"/>
            <line number="421" hits="0" branch="false"/>
            <line number="422" hits="0" branch="false"/>
            <line number="423" hits="0" branch="false"/>
            <line number="424" hits="0" branch="false"/>
            <line number="425" hits="0" branch="false"/>
            <line number="427" hits="0" branch="false"/>
            <line number="428" hits="0" branch="false"/>
            <line number="429" hits="0" branch="false"/>
            <line number="430" hits="0" branch="false"/>
            <line number="431" hits="0" branch="false"/>
            <line number="432" hits="0" branch="false"/>
            <line number="433" hits="0" branch="false"/>
            <line number="434" hits="0" branch="false"/>
            <line number="435" hits="0" branch="false"/>
            <line number="436" hits="0" branch="false"/>
            <line number="437" hits="0" branch="false"/>
            <line number="438" hits="0" branch="false"/>
            <line number="439" hits="0" branch="false"/>
            <line number="440" hits="0" branch="false"/>
            <line number="441" hits="0" branch="false"/>
            <line number="442" hits="0" branch="false"/>
            <line number="457" hits="0" branch="false"/>
            <line number="458" hits="0" branch="false"/>
            <line number="459" hits="0" branch="false"/>
            <line number="460" hits="0" branch="false"/>
            <line number="462" hits="0" branch="false"/>
            <line number="463" hits="0" branch="false"/>
            <line number="464" hits="0" branch="false"/>
            <line number="465" hits="0" branch="false"/>
            <line number="466" hits="0" branch="false"/>
            <line number="468" hits="0" branch="false"/>
            <line number="469" hits="0" branch="false"/>
            <line number="470" hits="0" branch="false"/>
            <line number="472" hits="0" branch="false"/>
            <line number="473" hits="0" branch="false"/>
            <line number="474" hits="0" branch="false"/>
            <line number="475" hits="0" branch="false"/>
            <line number="476" hits="0" branch="false"/>
            <line number="477" hits="0" branch="false"/>
            <line number="479" hits="0" branch="false"/>
            <line number="480" hits="0" branch="false"/>
            <line number="482" hits="0" branch="false"/>
            <line number="484" hits="0" branch="false"/>
            <line number="485" hits="0" branch="false"/>
            <line number="486" hits="0" branch="false"/>
            <line number="487" hits="0" branch="false"/>
            <line number="488" hits="0" branch="false"/>
            <line number="489" hits="0" branch="false"/>
            <line number="490" hits="0" branch="false"/>
            <line number="491" hits="0" branch="false"/>
            <line number="492" hits="0" branch="false"/>
            <line number="493" hits="0" branch="false"/>
            <line number="494" hits="0" branch="false"/>
            <line number="495" hits="0" branch="false"/>
          </lines>
        </class>
        <class name="util.R" filename="R/util.R" line-rate="0.2" branch-rate="0" complexity="0">
          <methods>
            <method name="logodds" signature="" line-rate="1" branch-rate="0">
              <lines>
                <line number="10" hits="4" branch="false"/>
              </lines>
            </method>
            <method name=".repifnot" signature="" line-rate="0" branch-rate="0">
              <lines>
                <line number="15" hits="0" branch="false"/>
                <line number="16" hits="0" branch="false"/>
                <line number="17" hits="0" branch="false"/>
                <line number="18" hits="0" branch="false"/>
              </lines>
            </method>
          </methods>
          <lines>
            <line number="10" hits="4" branch="false"/>
            <line number="15" hits="0" branch="false"/>
            <line number="16" hits="0" branch="false"/>
            <line number="17" hits="0" branch="false"/>
            <line number="18" hits="0" branch="false"/>
          </lines>
        </class>
        <class name="visits_to_mstate.R" filename="R/visits_to_mstate.R" line-rate="1" branch-rate="0" complexity="0">
          <methods>
            <method name="visits_to_mstate" signature="" line-rate="1" branch-rate="0">
              <lines>
                <line number="19" hits="7" branch="false"/>
                <line number="21" hits="7" branch="false"/>
                <line number="23" hits="7" branch="false"/>
                <line number="24" hits="7" branch="false"/>
                <line number="25" hits="7" branch="false"/>
                <line number="26" hits="7" branch="false"/>
                <line number="27" hits="36" branch="false"/>
                <line number="29" hits="12" branch="false"/>
                <line number="30" hits="12" branch="false"/>
                <line number="31" hits="12" branch="false"/>
                <line number="32" hits="12" branch="false"/>
                <line number="34" hits="1" branch="false"/>
                <line number="35" hits="1" branch="false"/>
                <line number="36" hits="1" branch="false"/>
                <line number="37" hits="1" branch="false"/>
                <line number="38" hits="1" branch="false"/>
                <line number="42" hits="35" branch="false"/>
                <line number="43" hits="16" branch="false"/>
                <line number="44" hits="3" branch="false"/>
                <line number="45" hits="3" branch="false"/>
                <line number="46" hits="3" branch="false"/>
                <line number="47" hits="3" branch="false"/>
                <line number="48" hits="3" branch="false"/>
                <line number="49" hits="3" branch="false"/>
                <line number="50" hits="3" branch="false"/>
                <line number="51" hits="3" branch="false"/>
                <line number="52" hits="3" branch="false"/>
                <line number="53" hits="3" branch="false"/>
                <line number="55" hits="13" branch="false"/>
                <line number="56" hits="13" branch="false"/>
                <line number="57" hits="13" branch="false"/>
                <line number="58" hits="13" branch="false"/>
                <line number="59" hits="13" branch="false"/>
                <line number="60" hits="13" branch="false"/>
                <line number="61" hits="13" branch="false"/>
                <line number="62" hits="13" branch="false"/>
                <line number="63" hits="13" branch="false"/>
                <line number="66" hits="16" branch="false"/>
                <line number="69" hits="35" branch="false"/>
                <line number="70" hits="35" branch="false"/>
                <line number="71" hits="28" branch="false"/>
                <line number="72" hits="26" branch="false"/>
                <line number="73" hits="2" branch="false"/>
                <line number="76" hits="2" branch="false"/>
                <line number="79" hits="35" branch="false"/>
                <line number="80" hits="4" branch="false"/>
                <line number="81" hits="4" branch="false"/>
                <line number="82" hits="4" branch="false"/>
                <line number="83" hits="4" branch="false"/>
                <line number="84" hits="4" branch="false"/>
                <line number="85" hits="4" branch="false"/>
                <line number="86" hits="4" branch="false"/>
                <line number="87" hits="4" branch="false"/>
                <line number="88" hits="4" branch="false"/>
                <line number="91" hits="6" branch="false"/>
              </lines>
            </method>
          </methods>
          <lines>
            <line number="19" hits="7" branch="false"/>
            <line number="21" hits="7" branch="false"/>
            <line number="23" hits="7" branch="false"/>
            <line number="24" hits="7" branch="false"/>
            <line number="25" hits="7" branch="false"/>
            <line number="26" hits="7" branch="false"/>
            <line number="27" hits="36" branch="false"/>
            <line number="29" hits="12" branch="false"/>
            <line number="30" hits="12" branch="false"/>
            <line number="31" hits="12" branch="false"/>
            <line number="32" hits="12" branch="false"/>
            <line number="34" hits="1" branch="false"/>
            <line number="35" hits="1" branch="false"/>
            <line number="36" hits="1" branch="false"/>
            <line number="37" hits="1" branch="false"/>
            <line number="38" hits="1" branch="false"/>
            <line number="42" hits="35" branch="false"/>
            <line number="43" hits="16" branch="false"/>
            <line number="44" hits="3" branch="false"/>
            <line number="45" hits="3" branch="false"/>
            <line number="46" hits="3" branch="false"/>
            <line number="47" hits="3" branch="false"/>
            <line number="48" hits="3" branch="false"/>
            <line number="49" hits="3" branch="false"/>
            <line number="50" hits="3" branch="false"/>
            <line number="51" hits="3" branch="false"/>
            <line number="52" hits="3" branch="false"/>
            <line number="53" hits="3" branch="false"/>
            <line number="55" hits="13" branch="false"/>
            <line number="56" hits="13" branch="false"/>
            <line number="57" hits="13" branch="false"/>
            <line number="58" hits="13" branch="false"/>
            <line number="59" hits="13" branch="false"/>
            <line number="60" hits="13" branch="false"/>
            <line number="61" hits="13" branch="false"/>
            <line number="62" hits="13" branch="false"/>
            <line number="63" hits="13" branch="false"/>
            <line number="66" hits="16" branch="false"/>
            <line number="69" hits="35" branch="false"/>
            <line number="70" hits="35" branch="false"/>
            <line number="71" hits="28" branch="false"/>
            <line number="72" hits="26" branch="false"/>
            <line number="73" hits="2" branch="false"/>
            <line number="76" hits="2" branch="false"/>
            <line number="79" hits="35" branch="false"/>
            <line number="80" hits="4" branch="false"/>
            <line number="81" hits="4" branch="false"/>
            <line number="82" hits="4" branch="false"/>
            <line number="83" hits="4" branch="false"/>
            <line number="84" hits="4" branch="false"/>
            <line number="85" hits="4" branch="false"/>
            <line number="86" hits="4" branch="false"/>
            <line number="87" hits="4" branch="false"/>
            <line number="88" hits="4" branch="false"/>
            <line number="91" hits="6" branch="false"/>
          </lines>
        </class>
        <class name="custom_functions.cpp" filename="src/custom_functions.cpp" line-rate="0.4375" branch-rate="0" complexity="0">
          <methods/>
          <lines>
            <line number="7" hits="0" branch="false"/>
            <line number="12" hits="0" branch="false"/>
            <line number="13" hits="0" branch="false"/>
            <line number="14" hits="0" branch="false"/>
            <line number="15" hits="0" branch="false"/>
            <line number="17" hits="0" branch="false"/>
            <line number="19" hits="0" branch="false"/>
            <line number="20" hits="0" branch="false"/>
            <line number="26" hits="6120" branch="false"/>
            <line number="31" hits="6120" branch="false"/>
            <line number="32" hits="6120" branch="false"/>
            <line number="33" hits="6120" branch="false"/>
            <line number="34" hits="0" branch="false"/>
            <line number="36" hits="6120" branch="false"/>
            <line number="38" hits="6120" branch="false"/>
            <line number="39" hits="6120" branch="false"/>
          </lines>
        </class>
        <class name="stanExports_srp_model.cc" filename="src/stanExports_srp_model.cc" line-rate="1" branch-rate="0" complexity="0">
          <methods/>
          <lines>
            <line number="7" hits="18" branch="false"/>
            <line number="10" hits="12" branch="false"/>
            <line number="12" hits="6" branch="false"/>
            <line number="15" hits="6" branch="false"/>
            <line number="16" hits="6" branch="false"/>
            <line number="17" hits="6" branch="false"/>
            <line number="18" hits="6" branch="false"/>
            <line number="19" hits="6" branch="false"/>
            <line number="20" hits="6" branch="false"/>
            <line number="21" hits="6" branch="false"/>
            <line number="22" hits="6" branch="false"/>
            <line number="23" hits="6" branch="false"/>
            <line number="24" hits="6" branch="false"/>
            <line number="25" hits="6" branch="false"/>
            <line number="26" hits="6" branch="false"/>
            <line number="27" hits="6" branch="false"/>
            <line number="28" hits="6" branch="false"/>
            <line number="29" hits="6" branch="false"/>
            <line number="30" hits="6" branch="false"/>
            <line number="32" hits="6" branch="false"/>
          </lines>
        </class>
        <class name="stanExports_srp_model.h" filename="src/stanExports_srp_model.h" line-rate="0.81786941580756" branch-rate="0" complexity="0">
          <methods/>
          <lines>
            <line number="19" hits="1" branch="false"/>
            <line number="20" hits="1" branch="false"/>
            <line number="21" hits="1" branch="false"/>
            <line number="22" hits="1" branch="false"/>
            <line number="23" hits="1" branch="false"/>
            <line number="27" hits="3004045" branch="false"/>
            <line number="36" hits="3004045" branch="false"/>
            <line number="38" hits="3004045" branch="false"/>
            <line number="41" hits="3004045" branch="false"/>
            <line number="42" hits="3004045" branch="false"/>
            <line number="44" hits="3004045" branch="false"/>
            <line number="45" hits="3004045" branch="false"/>
            <line number="46" hits="3004045" branch="false"/>
            <line number="47" hits="3004045" branch="false"/>
            <line number="48" hits="3004045" branch="false"/>
            <line number="50" hits="3004045" branch="false"/>
            <line number="51" hits="3004045" branch="false"/>
            <line number="52" hits="3004045" branch="false"/>
            <line number="53" hits="3004045" branch="false"/>
            <line number="54" hits="3004045" branch="false"/>
            <line number="64" hits="3004045" branch="false"/>
            <line number="69" hits="3004045" branch="false"/>
            <line number="109" hits="6" branch="false"/>
            <line number="112" hits="6" branch="false"/>
            <line number="113" hits="6" branch="false"/>
            <line number="114" hits="6" branch="false"/>
            <line number="115" hits="6" branch="false"/>
            <line number="120" hits="6" branch="false"/>
            <line number="122" hits="6" branch="false"/>
            <line number="127" hits="12" branch="false"/>
            <line number="128" hits="6" branch="false"/>
            <line number="129" hits="6" branch="false"/>
            <line number="133" hits="6" branch="false"/>
            <line number="134" hits="6" branch="false"/>
            <line number="135" hits="6" branch="false"/>
            <line number="136" hits="6" branch="false"/>
            <line number="137" hits="6" branch="false"/>
            <line number="138" hits="6" branch="false"/>
            <line number="139" hits="6" branch="false"/>
            <line number="140" hits="6" branch="false"/>
            <line number="141" hits="6" branch="false"/>
            <line number="142" hits="6" branch="false"/>
            <line number="143" hits="6" branch="false"/>
            <line number="144" hits="6" branch="false"/>
            <line number="145" hits="6" branch="false"/>
            <line number="146" hits="6" branch="false"/>
            <line number="147" hits="6" branch="false"/>
            <line number="148" hits="6" branch="false"/>
            <line number="149" hits="6" branch="false"/>
            <line number="150" hits="6" branch="false"/>
            <line number="151" hits="6" branch="false"/>
            <line number="152" hits="6" branch="false"/>
            <line number="153" hits="6" branch="false"/>
            <line number="154" hits="6" branch="false"/>
            <line number="155" hits="6" branch="false"/>
            <line number="156" hits="6" branch="false"/>
            <line number="157" hits="6" branch="false"/>
            <line number="158" hits="6" branch="false"/>
            <line number="159" hits="6" branch="false"/>
            <line number="160" hits="6" branch="false"/>
            <line number="161" hits="130" branch="false"/>
            <line number="162" hits="124" branch="false"/>
            <line number="164" hits="6" branch="false"/>
            <line number="165" hits="130" branch="false"/>
            <line number="166" hits="124" branch="false"/>
            <line number="168" hits="6" branch="false"/>
            <line number="169" hits="6" branch="false"/>
            <line number="170" hits="6" branch="false"/>
            <line number="171" hits="6" branch="false"/>
            <line number="172" hits="6" branch="false"/>
            <line number="173" hits="6" branch="false"/>
            <line number="174" hits="6" branch="false"/>
            <line number="175" hits="130" branch="false"/>
            <line number="176" hits="124" branch="false"/>
            <line number="178" hits="6" branch="false"/>
            <line number="179" hits="130" branch="false"/>
            <line number="180" hits="124" branch="false"/>
            <line number="182" hits="6" branch="false"/>
            <line number="183" hits="6" branch="false"/>
            <line number="184" hits="6" branch="false"/>
            <line number="185" hits="6" branch="false"/>
            <line number="186" hits="6" branch="false"/>
            <line number="187" hits="6" branch="false"/>
            <line number="188" hits="6" branch="false"/>
            <line number="189" hits="130" branch="false"/>
            <line number="190" hits="124" branch="false"/>
            <line number="192" hits="6" branch="false"/>
            <line number="193" hits="130" branch="false"/>
            <line number="194" hits="124" branch="false"/>
            <line number="195" hits="124" branch="false"/>
            <line number="197" hits="6" branch="false"/>
            <line number="198" hits="6" branch="false"/>
            <line number="199" hits="6" branch="false"/>
            <line number="200" hits="6" branch="false"/>
            <line number="201" hits="6" branch="false"/>
            <line number="202" hits="6" branch="false"/>
            <line number="203" hits="6" branch="false"/>
            <line number="204" hits="130" branch="false"/>
            <line number="205" hits="124" branch="false"/>
            <line number="207" hits="6" branch="false"/>
            <line number="208" hits="130" branch="false"/>
            <line number="209" hits="124" branch="false"/>
            <line number="210" hits="124" branch="false"/>
            <line number="212" hits="6" branch="false"/>
            <line number="213" hits="6" branch="false"/>
            <line number="214" hits="6" branch="false"/>
            <line number="215" hits="6" branch="false"/>
            <line number="216" hits="6" branch="false"/>
            <line number="217" hits="6" branch="false"/>
            <line number="218" hits="6" branch="false"/>
            <line number="219" hits="130" branch="false"/>
            <line number="220" hits="124" branch="false"/>
            <line number="222" hits="6" branch="false"/>
            <line number="223" hits="130" branch="false"/>
            <line number="224" hits="124" branch="false"/>
            <line number="226" hits="6" branch="false"/>
            <line number="227" hits="6" branch="false"/>
            <line number="228" hits="6" branch="false"/>
            <line number="229" hits="6" branch="false"/>
            <line number="230" hits="6" branch="false"/>
            <line number="231" hits="6" branch="false"/>
            <line number="232" hits="6" branch="false"/>
            <line number="233" hits="130" branch="false"/>
            <line number="234" hits="124" branch="false"/>
            <line number="236" hits="6" branch="false"/>
            <line number="237" hits="130" branch="false"/>
            <line number="238" hits="124" branch="false"/>
            <line number="240" hits="6" branch="false"/>
            <line number="241" hits="6" branch="false"/>
            <line number="242" hits="6" branch="false"/>
            <line number="243" hits="6" branch="false"/>
            <line number="244" hits="6" branch="false"/>
            <line number="245" hits="6" branch="false"/>
            <line number="246" hits="6" branch="false"/>
            <line number="247" hits="18" branch="false"/>
            <line number="248" hits="12" branch="false"/>
            <line number="250" hits="6" branch="false"/>
            <line number="251" hits="6" branch="false"/>
            <line number="252" hits="6" branch="false"/>
            <line number="253" hits="6" branch="false"/>
            <line number="254" hits="6" branch="false"/>
            <line number="255" hits="6" branch="false"/>
            <line number="256" hits="6" branch="false"/>
            <line number="257" hits="18" branch="false"/>
            <line number="258" hits="12" branch="false"/>
            <line number="260" hits="6" branch="false"/>
            <line number="261" hits="18" branch="false"/>
            <line number="262" hits="12" branch="false"/>
            <line number="264" hits="6" branch="false"/>
            <line number="265" hits="6" branch="false"/>
            <line number="266" hits="6" branch="false"/>
            <line number="267" hits="6" branch="false"/>
            <line number="268" hits="6" branch="false"/>
            <line number="269" hits="6" branch="false"/>
[...]
            <line number="782" hits="1652223" branch="false"/>
            <line number="783" hits="1652223" branch="false"/>
            <line number="784" hits="1652223" branch="false"/>
            <line number="785" hits="1652223" branch="false"/>
            <line number="786" hits="1652223" branch="false"/>
            <line number="787" hits="1652223" branch="false"/>
            <line number="788" hits="1652223" branch="false"/>
            <line number="790" hits="1652222" branch="false"/>
            <line number="791" hits="1652222" branch="false"/>
            <line number="792" hits="0" branch="false"/>
            <line number="793" hits="0" branch="false"/>
            <line number="798" hits="4" branch="false"/>
            <line number="799" hits="4" branch="false"/>
            <line number="803" hits="154887" branch="false"/>
            <line number="804" hits="309774" branch="false"/>
            <line number="807" hits="154876" branch="false"/>
            <line number="809" hits="309752" branch="false"/>
            <line number="810" hits="154876" branch="false"/>
            <line number="811" hits="5327060" branch="false"/>
            <line number="812" hits="5172184" branch="false"/>
            <line number="813" hits="309752" branch="false"/>
            <line number="814" hits="309751" branch="false"/>
            <line number="816" hits="18" branch="false"/>
            <line number="817" hits="18" branch="false"/>
            <line number="818" hits="18" branch="false"/>
            <line number="819" hits="18" branch="false"/>
            <line number="820" hits="18" branch="false"/>
            <line number="821" hits="18" branch="false"/>
            <line number="822" hits="18" branch="false"/>
            <line number="823" hits="18" branch="false"/>
            <line number="824" hits="18" branch="false"/>
            <line number="825" hits="18" branch="false"/>
            <line number="826" hits="18" branch="false"/>
            <line number="827" hits="18" branch="false"/>
            <line number="828" hits="12" branch="false"/>
            <line number="829" hits="12" branch="false"/>
            <line number="830" hits="24" branch="false"/>
            <line number="831" hits="12" branch="false"/>
            <line number="832" hits="12" branch="false"/>
            <line number="833" hits="12" branch="false"/>
            <line number="834" hits="12" branch="false"/>
            <line number="835" hits="12" branch="false"/>
            <line number="836" hits="12" branch="false"/>
            <line number="837" hits="12" branch="false"/>
            <line number="838" hits="12" branch="false"/>
            <line number="839" hits="12" branch="false"/>
            <line number="840" hits="12" branch="false"/>
            <line number="841" hits="12" branch="false"/>
            <line number="842" hits="12" branch="false"/>
            <line number="843" hits="12" branch="false"/>
            <line number="844" hits="12" branch="false"/>
            <line number="845" hits="12" branch="false"/>
            <line number="846" hits="12" branch="false"/>
            <line number="847" hits="12" branch="false"/>
            <line number="848" hits="12" branch="false"/>
            <line number="849" hits="12" branch="false"/>
            <line number="850" hits="12" branch="false"/>
            <line number="851" hits="12" branch="false"/>
            <line number="852" hits="12" branch="false"/>
            <line number="853" hits="12" branch="false"/>
            <line number="854" hits="12" branch="false"/>
            <line number="855" hits="12" branch="false"/>
            <line number="856" hits="12" branch="false"/>
            <line number="857" hits="12" branch="false"/>
            <line number="858" hits="12" branch="false"/>
            <line number="859" hits="12" branch="false"/>
            <line number="860" hits="12" branch="false"/>
            <line number="861" hits="12" branch="false"/>
            <line number="862" hits="12" branch="false"/>
            <line number="864" hits="10012" branch="false"/>
            <line number="872" hits="10012" branch="false"/>
            <line number="873" hits="10012" branch="false"/>
            <line number="877" hits="10012" branch="false"/>
            <line number="878" hits="10012" branch="false"/>
            <line number="879" hits="10012" branch="false"/>
            <line number="880" hits="30036" branch="false"/>
            <line number="881" hits="20024" branch="false"/>
            <line number="883" hits="10012" branch="false"/>
            <line number="884" hits="30036" branch="false"/>
            <line number="885" hits="20024" branch="false"/>
            <line number="887" hits="10012" branch="false"/>
            <line number="888" hits="10012" branch="false"/>
            <line number="889" hits="10012" branch="false"/>
            <line number="890" hits="160172" branch="false"/>
            <line number="891" hits="150160" branch="false"/>
            <line number="893" hits="10012" branch="false"/>
            <line number="894" hits="160172" branch="false"/>
            <line number="895" hits="150160" branch="false"/>
            <line number="897" hits="10012" branch="false"/>
            <line number="898" hits="10012" branch="false"/>
            <line number="899" hits="10012" branch="false"/>
            <line number="900" hits="10012" branch="false"/>
            <line number="901" hits="30036" branch="false"/>
            <line number="902" hits="20024" branch="false"/>
            <line number="903" hits="80096" branch="false"/>
            <line number="904" hits="60072" branch="false"/>
            <line number="907" hits="10012" branch="false"/>
            <line number="908" hits="10012" branch="false"/>
            <line number="909" hits="40048" branch="false"/>
            <line number="910" hits="90108" branch="false"/>
            <line number="911" hits="60072" branch="false"/>
            <line number="914" hits="10012" branch="false"/>
            <line number="915" hits="10012" branch="false"/>
            <line number="916" hits="10012" branch="false"/>
            <line number="917" hits="10012" branch="false"/>
            <line number="918" hits="30036" branch="false"/>
            <line number="919" hits="20024" branch="false"/>
            <line number="920" hits="80096" branch="false"/>
            <line number="921" hits="60072" branch="false"/>
            <line number="924" hits="10012" branch="false"/>
            <line number="925" hits="10012" branch="false"/>
            <line number="926" hits="40048" branch="false"/>
            <line number="927" hits="90108" branch="false"/>
            <line number="928" hits="60072" branch="false"/>
            <line number="931" hits="10012" branch="false"/>
            <line number="933" hits="10012" branch="false"/>
            <line number="934" hits="10012" branch="false"/>
            <line number="936" hits="10012" branch="false"/>
            <line number="939" hits="10006" branch="false"/>
            <line number="940" hits="10006" branch="false"/>
            <line number="941" hits="10006" branch="false"/>
            <line number="942" hits="10006" branch="false"/>
            <line number="943" hits="10006" branch="false"/>
            <line number="944" hits="10006" branch="false"/>
            <line number="945" hits="10006" branch="false"/>
            <line number="946" hits="10006" branch="false"/>
            <line number="947" hits="10006" branch="false"/>
            <line number="948" hits="10006" branch="false"/>
            <line number="949" hits="10006" branch="false"/>
            <line number="950" hits="10006" branch="false"/>
            <line number="951" hits="10006" branch="false"/>
            <line number="952" hits="20012" branch="false"/>
            <line number="953" hits="10006" branch="false"/>
            <line number="954" hits="10006" branch="false"/>
            <line number="955" hits="10006" branch="false"/>
            <line number="956" hits="10006" branch="false"/>
            <line number="957" hits="10006" branch="false"/>
            <line number="958" hits="20012" branch="false"/>
            <line number="959" hits="10006" branch="false"/>
            <line number="960" hits="10006" branch="false"/>
            <line number="961" hits="10006" branch="false"/>
            <line number="962" hits="10006" branch="false"/>
            <line number="963" hits="10006" branch="false"/>
            <line number="964" hits="10006" branch="false"/>
            <line number="965" hits="10006" branch="false"/>
            <line number="967" hits="10006" branch="false"/>
            <line number="968" hits="30018" branch="false"/>
            <line number="969" hits="20012" branch="false"/>
            <line number="970" hits="20012" branch="false"/>
            <line number="971" hits="20012" branch="false"/>
            <line number="972" hits="20012" branch="false"/>
            <line number="974" hits="20012" branch="false"/>
            <line number="975" hits="20012" branch="false"/>
            <line number="976" hits="20012" branch="false"/>
            <line number="977" hits="20012" branch="false"/>
            <line number="979" hits="20012" branch="false"/>
            <line number="980" hits="80048" branch="false"/>
            <line number="981" hits="60036" branch="false"/>
            <line number="982" hits="60036" branch="false"/>
            <line number="983" hits="60036" branch="false"/>
            <line number="984" hits="60036" branch="false"/>
            <line number="986" hits="60036" branch="false"/>
            <line number="987" hits="60036" branch="false"/>
            <line number="988" hits="60036" branch="false"/>
            <line number="989" hits="120072" branch="false"/>
            <line number="993" hits="10006" branch="false"/>
            <line number="994" hits="242630" branch="false"/>
            <line number="995" hits="232624" branch="false"/>
            <line number="996" hits="232624" branch="false"/>
            <line number="997" hits="150080" branch="false"/>
            <line number="998" hits="150080" branch="false"/>
            <line number="999" hits="150080" branch="false"/>
            <line number="1000" hits="150080" branch="false"/>
            <line number="1001" hits="150080" branch="false"/>
            <line number="1002" hits="300160" branch="false"/>
            <line number="1005" hits="0" branch="false"/>
            <line number="1006" hits="0" branch="false"/>
            <line number="1007" hits="0" branch="false"/>
            <line number="1008" hits="0" branch="false"/>
            <line number="1015" hits="10006" branch="false"/>
            <line number="1017" hits="10006" branch="false"/>
            <line number="1018" hits="10006" branch="false"/>
            <line number="1019" hits="160086" branch="false"/>
            <line number="1020" hits="150080" branch="false"/>
            <line number="1023" hits="10006" branch="false"/>
            <line number="1024" hits="10006" branch="false"/>
            <line number="1025" hits="30018" branch="false"/>
            <line number="1026" hits="20012" branch="false"/>
            <line number="1028" hits="10006" branch="false"/>
            <line number="1029" hits="30018" branch="false"/>
            <line number="1030" hits="20012" branch="false"/>
            <line number="1032" hits="10006" branch="false"/>
            <line number="1033" hits="10006" branch="false"/>
            <line number="1034" hits="40024" branch="false"/>
            <line number="1035" hits="90054" branch="false"/>
            <line number="1036" hits="60036" branch="false"/>
            <line number="1039" hits="10006" branch="false"/>
            <line number="1040" hits="10006" branch="false"/>
            <line number="1041" hits="40024" branch="false"/>
            <line number="1042" hits="90054" branch="false"/>
            <line number="1043" hits="60036" branch="false"/>
            <line number="1046" hits="10006" branch="false"/>
            <line number="1047" hits="160086" branch="false"/>
            <line number="1048" hits="150080" branch="false"/>
            <line number="1059" hits="0" branch="false"/>
            <line number="1065" hits="0" branch="false"/>
            <line number="1066" hits="0" branch="false"/>
            <line number="1067" hits="0" branch="false"/>
            <line number="1068" hits="0" branch="false"/>
            <line number="1069" hits="0" branch="false"/>
            <line number="1070" hits="0" branch="false"/>
            <line number="1071" hits="0" branch="false"/>
            <line number="1072" hits="0" branch="false"/>
            <line number="1073" hits="0" branch="false"/>
            <line number="1074" hits="0" branch="false"/>
            <line number="1075" hits="0" branch="false"/>
            <line number="1076" hits="0" branch="false"/>
            <line number="1078" hits="18" branch="false"/>
            <line number="1081" hits="18" branch="false"/>
            <line number="1082" hits="18" branch="false"/>
            <line number="1083" hits="54" branch="false"/>
            <line number="1084" hits="36" branch="false"/>
            <line number="1085" hits="36" branch="false"/>
            <line number="1086" hits="36" branch="false"/>
            <line number="1088" hits="18" branch="false"/>
            <line number="1089" hits="258" branch="false"/>
            <line number="1090" hits="240" branch="false"/>
            <line number="1091" hits="240" branch="false"/>
            <line number="1092" hits="240" branch="false"/>
            <line number="1094" hits="18" branch="false"/>
            <line number="1095" hits="18" branch="false"/>
            <line number="1096" hits="72" branch="false"/>
            <line number="1097" hits="162" branch="false"/>
            <line number="1098" hits="108" branch="false"/>
            <line number="1099" hits="108" branch="false"/>
            <line number="1100" hits="108" branch="false"/>
            <line number="1103" hits="18" branch="false"/>
            <line number="1104" hits="18" branch="false"/>
            <line number="1105" hits="72" branch="false"/>
            <line number="1106" hits="162" branch="false"/>
            <line number="1107" hits="108" branch="false"/>
            <line number="1108" hits="108" branch="false"/>
            <line number="1109" hits="108" branch="false"/>
            <line number="1112" hits="18" branch="false"/>
            <line number="1113" hits="12" branch="false"/>
            <line number="1114" hits="12" branch="false"/>
            <line number="1115" hits="36" branch="false"/>
            <line number="1116" hits="24" branch="false"/>
            <line number="1117" hits="24" branch="false"/>
            <line number="1118" hits="24" branch="false"/>
            <line number="1120" hits="12" branch="false"/>
            <line number="1121" hits="36" branch="false"/>
            <line number="1122" hits="24" branch="false"/>
            <line number="1123" hits="24" branch="false"/>
            <line number="1124" hits="24" branch="false"/>
            <line number="1126" hits="12" branch="false"/>
            <line number="1127" hits="12" branch="false"/>
            <line number="1128" hits="48" branch="false"/>
            <line number="1129" hits="108" branch="false"/>
            <line number="1130" hits="72" branch="false"/>
            <line number="1131" hits="72" branch="false"/>
            <line number="1132" hits="72" branch="false"/>
            <line number="1135" hits="12" branch="false"/>
            <line number="1136" hits="12" branch="false"/>
            <line number="1137" hits="48" branch="false"/>
            <line number="1138" hits="108" branch="false"/>
            <line number="1139" hits="72" branch="false"/>
            <line number="1140" hits="72" branch="false"/>
            <line number="1141" hits="72" branch="false"/>
            <line number="1144" hits="12" branch="false"/>
            <line number="1145" hits="172" branch="false"/>
            <line number="1146" hits="160" branch="false"/>
            <line number="1147" hits="160" branch="false"/>
            <line number="1148" hits="160" branch="false"/>
            <line number="1153" hits="6" branch="false"/>
            <line number="1156" hits="6" branch="false"/>
            <line number="1157" hits="6" branch="false"/>
            <line number="1158" hits="18" branch="false"/>
            <line number="1159" hits="12" branch="false"/>
            <line number="1160" hits="12" branch="false"/>
            <line number="1161" hits="12" branch="false"/>
            <line number="1163" hits="6" branch="false"/>
            <line number="1164" hits="86" branch="false"/>
            <line number="1165" hits="80" branch="false"/>
            <line number="1166" hits="80" branch="false"/>
            <line number="1167" hits="80" branch="false"/>
            <line number="1169" hits="6" branch="false"/>
            <line number="1170" hits="6" branch="false"/>
            <line number="1171" hits="24" branch="false"/>
            <line number="1172" hits="54" branch="false"/>
            <line number="1173" hits="36" branch="false"/>
            <line number="1174" hits="36" branch="false"/>
            <line number="1175" hits="36" branch="false"/>
            <line number="1178" hits="6" branch="false"/>
            <line number="1179" hits="6" branch="false"/>
            <line number="1180" hits="24" branch="false"/>
            <line number="1181" hits="54" branch="false"/>
            <line number="1182" hits="36" branch="false"/>
            <line number="1183" hits="36" branch="false"/>
            <line number="1184" hits="36" branch="false"/>
            <line number="1187" hits="6" branch="false"/>
            <line number="1188" hits="0" branch="false"/>
            <line number="1189" hits="0" branch="false"/>
            <line number="1190" hits="0" branch="false"/>
            <line number="1191" hits="0" branch="false"/>
            <line number="1192" hits="0" branch="false"/>
            <line number="1193" hits="0" branch="false"/>
            <line number="1195" hits="0" branch="false"/>
            <line number="1196" hits="0" branch="false"/>
            <line number="1197" hits="0" branch="false"/>
            <line number="1198" hits="0" branch="false"/>
            <line number="1199" hits="0" branch="false"/>
            <line number="1201" hits="0" branch="false"/>
            <line number="1202" hits="0" branch="false"/>
            <line number="1203" hits="0" branch="false"/>
            <line number="1204" hits="0" branch="false"/>
            <line number="1205" hits="0" branch="false"/>
            <line number="1206" hits="0" branch="false"/>
            <line number="1207" hits="0" branch="false"/>
            <line number="1210" hits="0" branch="false"/>
            <line number="1211" hits="0" branch="false"/>
            <line number="1212" hits="0" branch="false"/>
            <line number="1213" hits="0" branch="false"/>
            <line number="1214" hits="0" branch="false"/>
            <line number="1215" hits="0" branch="false"/>
            <line number="1216" hits="0" branch="false"/>
            <line number="1219" hits="0" branch="false"/>
            <line number="1220" hits="0" branch="false"/>
            <line number="1221" hits="0" branch="false"/>
            <line number="1222" hits="0" branch="false"/>
            <line number="1223" hits="0" branch="false"/>
            <line number="1226" hits="0" branch="false"/>
          </lines>
        </class>
      </classes>
    </package>
  </packages>
</coverage>
